[0.053s] Invoking command in '/home/dliujm/ranger_ws/src/build/limo_description': /usr/bin/cmake /home/dliujm/ranger_ws/src/ugv_gazebo_sim/limo/limo_description -DCATKIN_INSTALL_INTO_PREFIX_ROOT=0 -DCMAKE_INSTALL_PREFIX=/home/dliujm/ranger_ws/src/install/limo_description
[0.284s] -- The C compiler identification is GNU 10.5.0
[0.492s] -- The CXX compiler identification is GNU 10.5.0
[0.505s] -- Detecting C compiler ABI info
[0.689s] -- Detecting C compiler ABI info - done
[0.701s] -- Check for working C compiler: /usr/bin/cc - skipped
[0.702s] -- Detecting C compile features
[0.702s] -- Detecting C compile features - done
[0.707s] -- Detecting CXX compiler ABI info
[0.948s] -- Detecting CXX compiler ABI info - done
[0.964s] -- Check for working CXX compiler: /usr/bin/c++ - skipped
[0.964s] -- Detecting CXX compile features
[0.964s] -- Detecting CXX compile features - done
[0.995s] -- Configuring incomplete, errors occurred!
[0.995s] See also "/home/dliujm/ranger_ws/src/build/limo_description/CMakeFiles/CMakeOutput.log".
[0.995s] [31mCMake Error at CMakeLists.txt:4 (find_package):
[0.995s]   By not providing "Findcatkin.cmake" in CMAKE_MODULE_PATH this project has
[0.995s]   asked CMake to find a package configuration file provided by "catkin", but
[0.995s]   CMake did not find one.
[0.995s] 
[0.995s]   Could not find a package configuration file provided by "catkin" with any
[0.995s]   of the following names:
[0.995s] 
[0.995s]     catkinConfig.cmake
[0.995s]     catkin-config.cmake
[0.996s] 
[0.996s]   Add the installation prefix of "catkin" to CMAKE_PREFIX_PATH or set
[0.996s]   "catkin_DIR" to a directory containing one of the above files.  If "catkin"
[0.996s]   provides a separate development package or SDK, be sure it has been
[0.996s]   installed.
[0.996s] 
[0.996s] [0m
[1.020s] Invoked command in '/home/dliujm/ranger_ws/src/build/limo_description' returned '1': /usr/bin/cmake /home/dliujm/ranger_ws/src/ugv_gazebo_sim/limo/limo_description -DCATKIN_INSTALL_INTO_PREFIX_ROOT=0 -DCMAKE_INSTALL_PREFIX=/home/dliujm/ranger_ws/src/install/limo_description
