[0.050s] Invoking command in '/home/dliujm/ranger_ws/src/build/ranger_msgs': CMAKE_PREFIX_PATH=/home/dliujm/ros2_ws/install/ranger_base:/home/dliujm/ros2_ws/install/voice_command:/home/dliujm/ros2_ws/install/semantic_mapping:/home/dliujm/ros2_ws/install/semantic_labeling_demo:/home/dliujm/ros2_ws/install/odom_tf_broadcaster_pkg:/home/dliujm/ros2_ws/install/lucy_hardware:/home/dliujm/ros2_ws/install/image_saver:/home/dliujm/ros2_ws/src/install/semantic_mapping:/home/dliujm/ros2_ws/src/install/semantic_labeling_demo:/home/dliujm/ros2_ws/src/install/odom_tf_broadcaster_pkg:/home/dliujm/ros2_ws/src/install/lucy_hardware:/home/dliujm/ros2_ws/src/install/image_saver:/opt/ros/humble:/home/dliujm/ros2_ws/install/ugv_sdk:/home/dliujm/ros2_ws/install/robot_sim_bringup:/home/dliujm/ros2_ws/install/robot_desc:/home/dliujm/ros2_ws/install/ranger_msgs:/home/dliujm/ros2_ws/install/ranger_bringup:/home/dliujm/ros2_ws/install/pointcloud_to_laserscan:/home/dliujm/ros2_ws/install/custom_msg:/home/dliujm/ros2_ws/src/install/sim_test:/home/dliujm/ros2_ws/src/install/robot_sim_bringup:/home/dliujm/ros2_ws/src/install/robot_desc /usr/bin/cmake /home/dliujm/ranger_ws/src/ranger_ros2/ranger_msgs -DCMAKE_INSTALL_PREFIX=/home/dliujm/ranger_ws/src/install/ranger_msgs
[0.293s] -- The C compiler identification is GNU 10.5.0
[0.495s] -- The CXX compiler identification is GNU 10.5.0
[0.506s] -- Detecting C compiler ABI info
[0.685s] -- Detecting C compiler ABI info - done
[0.706s] -- Check for working C compiler: /usr/bin/cc - skipped
[0.707s] -- Detecting C compile features
[0.708s] -- Detecting C compile features - done
[0.719s] -- Detecting CXX compiler ABI info
[0.959s] -- Detecting CXX compiler ABI info - done
[0.970s] -- Check for working CXX compiler: /usr/bin/c++ - skipped
[0.970s] -- Detecting CXX compile features
[0.972s] -- Detecting CXX compile features - done
[1.002s] -- Found ament_cmake: 1.3.11 (/opt/ros/humble/share/ament_cmake/cmake)
[1.186s] -- Found Python3: /usr/bin/python3 (found version "3.10.12") found components: Interpreter 
[1.311s] -- Found builtin_interfaces: 1.2.1 (/opt/ros/humble/share/builtin_interfaces/cmake)
[1.366s] -- Found rosidl_generator_c: 3.1.6 (/opt/ros/humble/share/rosidl_generator_c/cmake)
[1.374s] -- Found rosidl_adapter: 3.1.6 (/opt/ros/humble/share/rosidl_adapter/cmake)
[1.387s] -- Found rosidl_generator_cpp: 3.1.6 (/opt/ros/humble/share/rosidl_generator_cpp/cmake)
[1.406s] -- Using all available rosidl_typesupport_c: rosidl_typesupport_fastrtps_c;rosidl_typesupport_introspection_c
[1.428s] -- Using all available rosidl_typesupport_cpp: rosidl_typesupport_fastrtps_cpp;rosidl_typesupport_introspection_cpp
[1.449s] -- Found rosidl_default_generators: 1.2.0 (/opt/ros/humble/share/rosidl_default_generators/cmake)
[1.464s] -- Found std_msgs: 4.2.4 (/opt/ros/humble/share/std_msgs/cmake)
[1.767s] -- Found ament_cmake_ros: 0.10.0 (/opt/ros/humble/share/ament_cmake_ros/cmake)
[2.122s] -- Using all available rosidl_typesupport_c: rosidl_typesupport_fastrtps_c;rosidl_typesupport_introspection_c
[2.259s] -- Using all available rosidl_typesupport_cpp: rosidl_typesupport_fastrtps_cpp;rosidl_typesupport_introspection_cpp
[2.283s] -- Found PythonInterp: /usr/bin/python3 (found suitable version "3.10.12", minimum required is "3.6") 
[2.287s] -- Found python_cmake_module: 0.10.0 (/opt/ros/humble/share/python_cmake_module/cmake)
[2.318s] -- Found PythonLibs: /usr/lib/x86_64-linux-gnu/libpython3.10.so (found suitable version "3.10.12", minimum required is "3.5") 
[2.318s] -- Using PYTHON_EXECUTABLE: /usr/bin/python3
[2.318s] -- Using PYTHON_INCLUDE_DIRS: /usr/include/python3.10
[2.318s] -- Using PYTHON_LIBRARIES: /usr/lib/x86_64-linux-gnu/libpython3.10.so
[2.341s] -- Found PythonExtra: .so  
[2.399s] -- Found ament_lint_auto: 0.12.11 (/opt/ros/humble/share/ament_lint_auto/cmake)
[2.440s] -- Added test 'copyright' to check source files copyright and LICENSE
[2.444s] -- Added test 'lint_cmake' to check CMake code style
[2.446s] -- Added test 'xmllint' to check XML markup files
[2.450s] -- Configuring done
[2.489s] -- Generating done
[2.500s] -- Build files have been written to: /home/dliujm/ranger_ws/src/build/ranger_msgs
