[0.039s] Invoking command in '/home/dliujm/ranger_ws/src/build/autokit': /usr/bin/cmake /home/dliujm/ranger_ws/src/ugv_gazebo_sim/autokit -DCATKIN_INSTALL_INTO_PREFIX_ROOT=0 -DCMAKE_INSTALL_PREFIX=/home/dliujm/ranger_ws/src/install/autokit
[0.065s] [0mCMake Deprecation Warning at CMakeLists.txt:1 (cmake_minimum_required):
[0.065s]   Compatibility with CMake < 2.8.12 will be removed from a future version of
[0.065s]   CMake.
[0.065s] 
[0.065s]   Update the VERSION argument <min> value or use a ...<max> suffix to tell
[0.065s]   CMake that the project does not need compatibility with older versions.
[0.065s] 
[0.065s] [0m
[0.266s] -- The C compiler identification is GNU 10.5.0
[0.476s] -- The CXX compiler identification is GNU 10.5.0
[0.487s] -- Detecting C compiler ABI info
[0.666s] -- Detecting C compiler ABI info - done
[0.701s] -- Check for working C compiler: /usr/bin/cc - skipped
[0.701s] -- Detecting C compile features
[0.702s] -- Detecting C compile features - done
[0.707s] -- Detecting CXX compiler ABI info
[0.940s] -- Detecting CXX compiler ABI info - done
[0.953s] -- Check for working CXX compiler: /usr/bin/c++ - skipped
[0.953s] -- Detecting CXX compile features
[0.953s] -- Detecting CXX compile features - done
[0.984s] -- Configuring incomplete, errors occurred!
[0.984s] See also "/home/dliujm/ranger_ws/src/build/autokit/CMakeFiles/CMakeOutput.log".
[0.985s] [31mCMake Error at CMakeLists.txt:5 (find_package):
[0.985s]   By not providing "Findcatkin.cmake" in CMAKE_MODULE_PATH this project has
[0.986s]   asked CMake to find a package configuration file provided by "catkin", but
[0.986s]   CMake did not find one.
[0.986s] 
[0.986s]   Could not find a package configuration file provided by "catkin" with any
[0.986s]   of the following names:
[0.986s] 
[0.986s]     catkinConfig.cmake
[0.986s]     catkin-config.cmake
[0.986s] 
[0.986s]   Add the installation prefix of "catkin" to CMAKE_PREFIX_PATH or set
[0.986s]   "catkin_DIR" to a directory containing one of the above files.  If "catkin"
[0.986s]   provides a separate development package or SDK, be sure it has been
[0.986s]   installed.
[0.986s] 
[0.986s] [0m
[1.008s] Invoked command in '/home/dliujm/ranger_ws/src/build/autokit' returned '1': /usr/bin/cmake /home/dliujm/ranger_ws/src/ugv_gazebo_sim/autokit -DCATKIN_INSTALL_INTO_PREFIX_ROOT=0 -DCMAKE_INSTALL_PREFIX=/home/dliujm/ranger_ws/src/install/autokit
