[0.057s] Invoking command in '/home/dliujm/ranger_ws/src/build/four_wheel_steering_msgs': /usr/bin/cmake /home/dliujm/ranger_ws/src/ugv_gazebo_sim/ranger_mini/four_wheel_steering_msgs -DCATKIN_INSTALL_INTO_PREFIX_ROOT=0 -DCMAKE_INSTALL_PREFIX=/home/dliujm/ranger_ws/src/install/four_wheel_steering_msgs
[0.287s] -- The C compiler identification is GNU 10.5.0
[0.508s] -- The CXX compiler identification is GNU 10.5.0
[0.521s] -- Detecting C compiler ABI info
[0.730s] -- Detecting C compiler ABI info - done
[0.740s] -- Check for working C compiler: /usr/bin/cc - skipped
[0.740s] -- Detecting C compile features
[0.741s] -- Detecting C compile features - done
[0.747s] -- Detecting CXX compiler ABI info
[0.965s] -- Detecting CXX compiler ABI info - done
[0.979s] -- Check for working CXX compiler: /usr/bin/c++ - skipped
[0.980s] -- Detecting CXX compile features
[0.986s] -- Detecting CXX compile features - done
[1.007s] [31mCMake Error at CMakeLists.txt:4 (find_package):
[1.007s]   By not providing "Findcatkin.cmake" in CMAKE_MODULE_PATH this project has
[1.007s]   asked CMake to find a package configuration file provided by "catkin", but
[1.007s]   CMake did not find one.
[1.007s] 
[1.007s]   Could not find a package configuration file provided by "catkin" with any
[1.007s]   of the following names:
[1.007s] 
[1.007s]     catkinConfig.cmake
[1.007s]     catkin-config.cmake
[1.007s] 
[1.007s]   Add the installation prefix of "catkin" to CMAKE_PREFIX_PATH or set
[1.008s]   "catkin_DIR" to a directory containing one of the above files.  If "catkin"
[1.008s]   provides a separate development package or SDK, be sure it has been
[1.008s]   installed.
[1.008s] 
[1.008s] [0m
[1.013s] -- Configuring incomplete, errors occurred!
[1.013s] See also "/home/dliujm/ranger_ws/src/build/four_wheel_steering_msgs/CMakeFiles/CMakeOutput.log".
[1.034s] Invoked command in '/home/dliujm/ranger_ws/src/build/four_wheel_steering_msgs' returned '1': /usr/bin/cmake /home/dliujm/ranger_ws/src/ugv_gazebo_sim/ranger_mini/four_wheel_steering_msgs -DCATKIN_INSTALL_INTO_PREFIX_ROOT=0 -DCMAKE_INSTALL_PREFIX=/home/dliujm/ranger_ws/src/install/four_wheel_steering_msgs
