[0.040s] Invoking command in '/home/dliujm/ranger_ws/src/build/hunter2_base': /usr/bin/cmake /home/dliujm/ranger_ws/src/ugv_gazebo_sim/hunter/hunter2_base -DCATKIN_INSTALL_INTO_PREFIX_ROOT=0 -DCMAKE_INSTALL_PREFIX=/home/dliujm/ranger_ws/src/install/hunter2_base
[0.970s] -- The C compiler identification is GNU 10.5.0
[0.970s] -- The CXX compiler identification is GNU 10.5.0
[0.970s] -- Detecting C compiler ABI info
[0.970s] -- Detecting C compiler ABI info - done
[0.970s] -- Check for working C compiler: /usr/bin/cc - skipped
[0.971s] -- Detecting C compile features
[0.971s] -- Detecting C compile features - done
[0.971s] -- Detecting CXX compiler ABI info
[0.971s] -- Detecting CXX compiler ABI info - done
[0.971s] -- Check for working CXX compiler: /usr/bin/c++ - skipped
[0.971s] -- Detecting CXX compile features
[0.971s] -- Detecting CXX compile features - done
[0.972s] [0mCMake Deprecation Warning at CMakeLists.txt:1 (cmake_minimum_required):
[0.972s]   Compatibility with CMake < 2.8.12 will be removed from a future version of
[0.972s]   CMake.
[0.972s] 
[0.973s]   Update the VERSION argument <min> value or use a ...<max> suffix to tell
[0.973s]   CMake that the project does not need compatibility with older versions.
[0.973s] 
[0.973s] [0m
[0.995s] -- Configuring incomplete, errors occurred!
[0.995s] See also "/home/dliujm/ranger_ws/src/build/hunter2_base/CMakeFiles/CMakeOutput.log".
[0.996s] [31mCMake Error at CMakeLists.txt:5 (find_package):
[0.996s]   By not providing "Findcatkin.cmake" in CMAKE_MODULE_PATH this project has
[0.996s]   asked CMake to find a package configuration file provided by "catkin", but
[0.997s]   CMake did not find one.
[0.997s] 
[0.997s]   Could not find a package configuration file provided by "catkin" with any
[0.997s]   of the following names:
[0.997s] 
[0.997s]     catkinConfig.cmake
[0.997s]     catkin-config.cmake
[0.997s] 
[0.997s]   Add the installation prefix of "catkin" to CMAKE_PREFIX_PATH or set
[0.997s]   "catkin_DIR" to a directory containing one of the above files.  If "catkin"
[0.997s]   provides a separate development package or SDK, be sure it has been
[0.997s]   installed.
[0.997s] 
[0.997s] [0m
[1.022s] Invoked command in '/home/dliujm/ranger_ws/src/build/hunter2_base' returned '1': /usr/bin/cmake /home/dliujm/ranger_ws/src/ugv_gazebo_sim/hunter/hunter2_base -DCATKIN_INSTALL_INTO_PREFIX_ROOT=0 -DCMAKE_INSTALL_PREFIX=/home/dliujm/ranger_ws/src/install/hunter2_base
