[0.041s] Invoking command in '/home/dliujm/ranger_ws/src/build/urdf_geometry_parser': /usr/bin/cmake /home/dliujm/ranger_ws/src/ugv_gazebo_sim/ranger_mini/urdf_geometry_parser -DCATKIN_INSTALL_INTO_PREFIX_ROOT=0 -DCMAKE_INSTALL_PREFIX=/home/dliujm/ranger_ws/src/install/urdf_geometry_parser
[0.268s] -- The C compiler identification is GNU 10.5.0
[0.459s] -- The CXX compiler identification is GNU 10.5.0
[0.483s] -- Detecting C compiler ABI info
[0.716s] -- Detecting C compiler ABI info - done
[0.735s] -- Check for working C compiler: /usr/bin/cc - skipped
[0.735s] -- Detecting C compile features
[0.735s] -- Detecting C compile features - done
[0.739s] -- Detecting CXX compiler ABI info
[0.972s] -- Detecting CXX compiler ABI info - done
[0.994s] -- Check for working CXX compiler: /usr/bin/c++ - skipped
[0.995s] -- Detecting CXX compile features
[0.999s] -- Detecting CXX compile features - done
[1.011s] [31mCMake Error at CMakeLists.txt:5 (find_package):
[1.011s]   By not providing "Findcatkin.cmake" in CMAKE_MODULE_PATH this project has
[1.011s]   asked CMake to find a package configuration file provided by "catkin", but
[1.011s]   CMake did not find one.
[1.011s] 
[1.011s]   Could not find a package configuration file provided by "catkin" with any
[1.011s]   of the following names:
[1.011s] 
[1.011s]     catkinConfig.cmake
[1.011s]     catkin-config.cmake
[1.011s] 
[1.011s]   Add the installation prefix of "catkin" to CMAKE_PREFIX_PATH or set
[1.011s]   "catkin_DIR" to a directory containing one of the above files.  If "catkin"
[1.011s]   provides a separate development package or SDK, be sure it has been
[1.011s]   installed.
[1.011s] 
[1.011s] [0m
[1.012s] -- Configuring incomplete, errors occurred!
[1.012s] See also "/home/dliujm/ranger_ws/src/build/urdf_geometry_parser/CMakeFiles/CMakeOutput.log".
