[0.000000] (-) TimerEvent: {}
[0.000414] (-) JobUnselected: {'identifier': 'autokit'}
[0.000514] (-) JobUnselected: {'identifier': 'bunker_description'}
[0.000533] (-) JobUnselected: {'identifier': 'bunker_gazebo_sim'}
[0.000562] (-) JobUnselected: {'identifier': 'four_wheel_steering_controller'}
[0.000576] (-) JobUnselected: {'identifier': 'four_wheel_steering_msgs'}
[0.000588] (-) JobUnselected: {'identifier': 'hunter2_base'}
[0.000600] (-) JobUnselected: {'identifier': 'hunter2_control'}
[0.000611] (-) JobUnselected: {'identifier': 'hunter2_gazebo'}
[0.000622] (-) JobUnselected: {'identifier': 'hunter_se_control'}
[0.000633] (-) JobUnselected: {'identifier': 'hunter_se_description'}
[0.000643] (-) JobUnselected: {'identifier': 'hunter_se_gazebo'}
[0.000653] (-) JobUnselected: {'identifier': 'limo_description'}
[0.000666] (-) JobUnselected: {'identifier': 'limo_gazebo_sim'}
[0.000679] (-) JobUnselected: {'identifier': 'limo_s2_arm'}
[0.000690] (-) JobUnselected: {'identifier': 'limo_s2_description'}
[0.000701] (-) JobUnselected: {'identifier': 'limo_s2_gazebo_sim'}
[0.000711] (-) JobUnselected: {'identifier': 'ranger_base'}
[0.000722] (-) JobUnselected: {'identifier': 'ranger_bringup'}
[0.000732] (-) JobUnselected: {'identifier': 'ranger_ctrl'}
[0.000743] (-) JobUnselected: {'identifier': 'ranger_mini_control'}
[0.000754] (-) JobUnselected: {'identifier': 'ranger_mini_v2'}
[0.000764] (-) JobUnselected: {'identifier': 'ranger_mini_v2_gazebo'}
[0.000775] (-) JobUnselected: {'identifier': 'ranger_mini_v3'}
[0.000785] (-) JobUnselected: {'identifier': 'ranger_mini_v3_gazebo'}
[0.000795] (-) JobUnselected: {'identifier': 'ranger_msgs'}
[0.000806] (-) JobUnselected: {'identifier': 'robot_sim_bringup'}
[0.000816] (-) JobUnselected: {'identifier': 'scout_control'}
[0.000827] (-) JobUnselected: {'identifier': 'scout_description'}
[0.000837] (-) JobUnselected: {'identifier': 'scout_gazebo_sim'}
[0.000847] (-) JobUnselected: {'identifier': 'steer_bot_hardware_gazebo'}
[0.000858] (-) JobUnselected: {'identifier': 'steer_drive_controller'}
[0.000868] (-) JobUnselected: {'identifier': 'tracer_description'}
[0.000879] (-) JobUnselected: {'identifier': 'tracer_gazebo_sim'}
[0.000889] (-) JobUnselected: {'identifier': 'tracer_mini'}
[0.000900] (-) JobUnselected: {'identifier': 'urdf_geometry_parser'}
[0.001113] (-) EventReactorShutdown: {}
