[0.000000] (-) TimerEvent: {}
[0.000411] (-) JobUnselected: {'identifier': 'autokit'}
[0.000442] (-) JobUnselected: {'identifier': 'bunker_description'}
[0.000460] (-) JobUnselected: {'identifier': 'bunker_gazebo_sim'}
[0.000476] (-) JobUnselected: {'identifier': 'four_wheel_steering_controller'}
[0.000491] (-) JobUnselected: {'identifier': 'four_wheel_steering_msgs'}
[0.000506] (-) JobUnselected: {'identifier': 'hunter2_base'}
[0.000520] (-) JobUnselected: {'identifier': 'hunter2_control'}
[0.000533] (-) JobUnselected: {'identifier': 'hunter2_gazebo'}
[0.000547] (-) JobUnselected: {'identifier': 'hunter_se_control'}
[0.000560] (-) JobUnselected: {'identifier': 'hunter_se_description'}
[0.000573] (-) JobUnselected: {'identifier': 'hunter_se_gazebo'}
[0.000587] (-) JobUnselected: {'identifier': 'limo_description'}
[0.000600] (-) JobUnselected: {'identifier': 'limo_gazebo_sim'}
[0.000613] (-) JobUnselected: {'identifier': 'limo_s2_arm'}
[0.000626] (-) JobUnselected: {'identifier': 'limo_s2_description'}
[0.000639] (-) JobUnselected: {'identifier': 'limo_s2_gazebo_sim'}
[0.000653] (-) JobUnselected: {'identifier': 'ranger_base'}
[0.000666] (-) JobUnselected: {'identifier': 'ranger_bringup'}
[0.000679] (-) JobUnselected: {'identifier': 'ranger_ctrl'}
[0.000693] (-) JobUnselected: {'identifier': 'ranger_mini_control'}
[0.000706] (-) JobUnselected: {'identifier': 'ranger_mini_v2'}
[0.000719] (-) JobUnselected: {'identifier': 'ranger_mini_v2_gazebo'}
[0.000732] (-) JobUnselected: {'identifier': 'ranger_mini_v3'}
[0.000745] (-) JobUnselected: {'identifier': 'ranger_mini_v3_gazebo'}
[0.000758] (-) JobUnselected: {'identifier': 'ranger_msgs'}
[0.000771] (-) JobUnselected: {'identifier': 'robot_sim_bringup'}
[0.000784] (-) JobUnselected: {'identifier': 'scout_control'}
[0.000798] (-) JobUnselected: {'identifier': 'scout_description'}
[0.000811] (-) JobUnselected: {'identifier': 'scout_gazebo_sim'}
[0.000824] (-) JobUnselected: {'identifier': 'steer_bot_hardware_gazebo'}
[0.000838] (-) JobUnselected: {'identifier': 'steer_drive_controller'}
[0.000851] (-) JobUnselected: {'identifier': 'tracer_description'}
[0.000864] (-) JobUnselected: {'identifier': 'tracer_gazebo_sim'}
[0.000877] (-) JobUnselected: {'identifier': 'tracer_mini'}
[0.000889] (-) JobUnselected: {'identifier': 'urdf_geometry_parser'}
[0.001044] (-) EventReactorShutdown: {}
