[0.039s] Invoking command in '/home/dliujm/ranger_ws/src/build/hunter_se_control': /usr/bin/cmake /home/dliujm/ranger_ws/src/ugv_gazebo_sim/hunter_se/hunter_se_control -DCATKIN_INSTALL_INTO_PREFIX_ROOT=0 -DCMAKE_INSTALL_PREFIX=/home/dliujm/ranger_ws/src/install/hunter_se_control
[0.982s] -- The C compiler identification is GNU 10.5.0
[0.983s] -- The CXX compiler identification is GNU 10.5.0
[0.983s] -- Detecting C compiler ABI info
[0.983s] -- Detecting C compiler ABI info - done
[0.983s] -- Check for working C compiler: /usr/bin/cc - skipped
[0.983s] -- Detecting C compile features
[0.983s] -- Detecting C compile features - done
[0.983s] -- Detecting CXX compiler ABI info
[0.983s] -- Detecting CXX compiler ABI info - done
[0.983s] -- Check for working CXX compiler: /usr/bin/c++ - skipped
[0.983s] -- Detecting CXX compile features
[0.983s] -- Detecting CXX compile features - done
[0.983s] -- Configuring incomplete, errors occurred!
[0.983s] See also "/home/dliujm/ranger_ws/src/build/hunter_se_control/CMakeFiles/CMakeOutput.log".
[0.985s] [31mCMake Error at CMakeLists.txt:10 (find_package):
[0.985s]   By not providing "Findcatkin.cmake" in CMAKE_MODULE_PATH this project has
[0.985s]   asked CMake to find a package configuration file provided by "catkin", but
[0.985s]   CMake did not find one.
[0.985s] 
[0.985s]   Could not find a package configuration file provided by "catkin" with any
[0.985s]   of the following names:
[0.985s] 
[0.985s]     catkinConfig.cmake
[0.986s]     catkin-config.cmake
[0.986s] 
[0.986s]   Add the installation prefix of "catkin" to CMAKE_PREFIX_PATH or set
[0.986s]   "catkin_DIR" to a directory containing one of the above files.  If "catkin"
[0.986s]   provides a separate development package or SDK, be sure it has been
[0.986s]   installed.
[0.986s] 
[0.986s] [0m
[1.009s] Invoked command in '/home/dliujm/ranger_ws/src/build/hunter_se_control' returned '1': /usr/bin/cmake /home/dliujm/ranger_ws/src/ugv_gazebo_sim/hunter_se/hunter_se_control -DCATKIN_INSTALL_INTO_PREFIX_ROOT=0 -DCMAKE_INSTALL_PREFIX=/home/dliujm/ranger_ws/src/install/hunter_se_control
