[0.043s] Invoking command in '/home/dliujm/ranger_ws/src/build/tracer_description': /usr/bin/cmake /home/dliujm/ranger_ws/src/ugv_gazebo_sim/tracer/tracer_description -DCATKIN_INSTALL_INTO_PREFIX_ROOT=0 -DCMAKE_INSTALL_PREFIX=/home/dliujm/ranger_ws/src/install/tracer_description
[0.279s] -- The C compiler identification is GNU 10.5.0
[0.474s] -- The CXX compiler identification is GNU 10.5.0
[0.488s] -- Detecting C compiler ABI info
[0.657s] -- Detecting C compiler ABI info - done
[0.692s] -- Check for working C compiler: /usr/bin/cc - skipped
[0.693s] -- Detecting C compile features
[0.693s] -- Detecting C compile features - done
[0.708s] -- Detecting CXX compiler ABI info
[0.946s] -- Detecting CXX compiler ABI info - done
[0.959s] -- Check for working CXX compiler: /usr/bin/c++ - skipped
[0.959s] -- Detecting CXX compile features
[0.962s] -- Detecting CXX compile features - done
[0.987s] [31mCMake Error at CMakeLists.txt:10 (find_package):
[0.987s]   By not providing "Findcatkin.cmake" in CMAKE_MODULE_PATH this project has
[0.987s]   asked CMake to find a package configuration file provided by "catkin", but
[0.987s]   CMake did not find one.
[0.987s] 
[0.988s]   Could not find a package configuration file provided by "catkin" with any
[0.988s]   of the following names:
[0.988s] 
[0.988s]     catkinConfig.cmake
[0.989s]     catkin-config.cmake
[0.989s] 
[0.990s]   Add the installation prefix of "catkin" to CMAKE_PREFIX_PATH or set
[0.990s]   "catkin_DIR" to a directory containing one of the above files.  If "catkin"
[0.990s]   provides a separate development package or SDK, be sure it has been
[0.991s]   installed.
[0.991s] 
[0.991s] [0m
[0.991s] -- Configuring incomplete, errors occurred!
[0.991s] See also "/home/dliujm/ranger_ws/src/build/tracer_description/CMakeFiles/CMakeOutput.log".
[1.014s] Invoked command in '/home/dliujm/ranger_ws/src/build/tracer_description' returned '1': /usr/bin/cmake /home/dliujm/ranger_ws/src/ugv_gazebo_sim/tracer/tracer_description -DCATKIN_INSTALL_INTO_PREFIX_ROOT=0 -DCMAKE_INSTALL_PREFIX=/home/dliujm/ranger_ws/src/install/tracer_description
