[0.047s] Invoking command in '/home/dliujm/ranger_ws/src/build/scout_description': /usr/bin/cmake /home/dliujm/ranger_ws/src/ugv_gazebo_sim/scout/scout_description -DCATKIN_INSTALL_INTO_PREFIX_ROOT=0 -DCMAKE_INSTALL_PREFIX=/home/dliujm/ranger_ws/src/install/scout_description
[0.079s] [0mCMake Deprecation Warning at CMakeLists.txt:1 (cmake_minimum_required):
[0.079s]   Compatibility with CMake < 2.8.12 will be removed from a future version of
[0.079s]   CMake.
[0.079s] 
[0.079s]   Update the VERSION argument <min> value or use a ...<max> suffix to tell
[0.079s]   CMake that the project does not need compatibility with older versions.
[0.079s] 
[0.079s] [0m
[0.284s] -- The C compiler identification is GNU 10.5.0
[0.478s] -- The CXX compiler identification is GNU 10.5.0
[0.490s] -- Detecting C compiler ABI info
[0.663s] -- Detecting C compiler ABI info - done
[0.680s] -- Check for working C compiler: /usr/bin/cc - skipped
[0.681s] -- Detecting C compile features
[0.688s] -- Detecting C compile features - done
[0.702s] -- Detecting CXX compiler ABI info
[0.926s] -- Detecting CXX compiler ABI info - done
[0.939s] -- Check for working CXX compiler: /usr/bin/c++ - skipped
[0.939s] -- Detecting CXX compile features
[0.942s] -- Detecting CXX compile features - done
[0.980s] -- Configuring incomplete, errors occurred!
[0.980s] See also "/home/dliujm/ranger_ws/src/build/scout_description/CMakeFiles/CMakeOutput.log".
[0.983s] [31mCMake Error at CMakeLists.txt:4 (find_package):
[0.983s]   By not providing "Findcatkin.cmake" in CMAKE_MODULE_PATH this project has
[0.983s]   asked CMake to find a package configuration file provided by "catkin", but
[0.983s]   CMake did not find one.
[0.983s] 
[0.983s]   Could not find a package configuration file provided by "catkin" with any
[0.983s]   of the following names:
[0.983s] 
[0.984s]     catkinConfig.cmake
[0.984s]     catkin-config.cmake
[0.984s] 
[0.985s]   Add the installation prefix of "catkin" to CMAKE_PREFIX_PATH or set
[0.985s]   "catkin_DIR" to a directory containing one of the above files.  If "catkin"
[0.985s]   provides a separate development package or SDK, be sure it has been
[0.985s]   installed.
[0.985s] 
[0.985s] [0m
[0.988s] Invoked command in '/home/dliujm/ranger_ws/src/build/scout_description' returned '1': /usr/bin/cmake /home/dliujm/ranger_ws/src/ugv_gazebo_sim/scout/scout_description -DCATKIN_INSTALL_INTO_PREFIX_ROOT=0 -DCMAKE_INSTALL_PREFIX=/home/dliujm/ranger_ws/src/install/scout_description
