[0.040s] Invoking command in '/home/dliujm/ranger_ws/src/build/hunter2_control': /usr/bin/cmake /home/dliujm/ranger_ws/src/ugv_gazebo_sim/hunter/hunter2_control -DCATKIN_INSTALL_INTO_PREFIX_ROOT=0 -DCMAKE_INSTALL_PREFIX=/home/dliujm/ranger_ws/src/install/hunter2_control
[0.983s] -- The C compiler identification is GNU 10.5.0
[0.983s] -- The CXX compiler identification is GNU 10.5.0
[0.983s] -- Detecting C compiler ABI info
[0.983s] -- Detecting C compiler ABI info - done
[0.983s] -- Check for working C compiler: /usr/bin/cc - skipped
[0.983s] -- Detecting C compile features
[0.983s] -- Detecting C compile features - done
[0.983s] -- Detecting CXX compiler ABI info
[0.983s] -- Detecting CXX compiler ABI info - done
[0.983s] -- Check for working CXX compiler: /usr/bin/c++ - skipped
[0.984s] -- Detecting CXX compile features
[0.984s] -- Detecting CXX compile features - done
[0.989s] [31mCMake Error at CMakeLists.txt:10 (find_package):
[0.989s]   By not providing "Findcatkin.cmake" in CMAKE_MODULE_PATH this project has
[0.989s]   asked CMake to find a package configuration file provided by "catkin", but
[0.990s]   CMake did not find one.
[0.990s] 
[0.990s]   Could not find a package configuration file provided by "catkin" with any
[0.990s]   of the following names:
[0.990s] 
[0.990s]     catkinConfig.cmake
[0.990s]     catkin-config.cmake
[0.990s] 
[0.990s]   Add the installation prefix of "catkin" to CMAKE_PREFIX_PATH or set
[0.990s]   "catkin_DIR" to a directory containing one of the above files.  If "catkin"
[0.990s]   provides a separate development package or SDK, be sure it has been
[0.990s]   installed.
[0.991s] 
[0.991s] [0m
[0.991s] -- Configuring incomplete, errors occurred!
[0.991s] See also "/home/dliujm/ranger_ws/src/build/hunter2_control/CMakeFiles/CMakeOutput.log".
[1.003s] Invoked command in '/home/dliujm/ranger_ws/src/build/hunter2_control' returned '1': /usr/bin/cmake /home/dliujm/ranger_ws/src/ugv_gazebo_sim/hunter/hunter2_control -DCATKIN_INSTALL_INTO_PREFIX_ROOT=0 -DCMAKE_INSTALL_PREFIX=/home/dliujm/ranger_ws/src/install/hunter2_control
