[0.063s] Invoking command in '/home/dliujm/ranger_ws/src/build/bunker_description': /usr/bin/cmake /home/dliujm/ranger_ws/src/ugv_gazebo_sim/bunker/bunker_description -DCATKIN_INSTALL_INTO_PREFIX_ROOT=0 -DCMAKE_INSTALL_PREFIX=/home/dliujm/ranger_ws/src/install/bunker_description
[0.294s] -- The C compiler identification is GNU 10.5.0
[0.501s] -- The CXX compiler identification is GNU 10.5.0
[0.515s] -- Detecting C compiler ABI info
[0.728s] -- Detecting C compiler ABI info - done
[0.748s] -- Check for working C compiler: /usr/bin/cc - skipped
[0.748s] -- Detecting C compile features
[0.749s] -- Detecting C compile features - done
[0.758s] -- Detecting CXX compiler ABI info
[0.979s] -- Detecting CXX compiler ABI info - done
[0.996s] -- Check for working CXX compiler: /usr/bin/c++ - skipped
[0.996s] -- Detecting CXX compile features
[0.996s] -- Detecting CXX compile features - done
[1.025s] -- Configuring incomplete, errors occurred!
[1.026s] See also "/home/dliujm/ranger_ws/src/build/bunker_description/CMakeFiles/CMakeOutput.log".
[1.026s] [31mCMake Error at CMakeLists.txt:10 (find_package):
[1.026s]   By not providing "Findcatkin.cmake" in CMAKE_MODULE_PATH this project has
[1.026s]   asked CMake to find a package configuration file provided by "catkin", but
[1.026s]   CMake did not find one.
[1.026s] 
[1.026s]   Could not find a package configuration file provided by "catkin" with any
[1.027s]   of the following names:
[1.027s] 
[1.027s]     catkinConfig.cmake
[1.027s]     catkin-config.cmake
[1.027s] 
[1.027s]   Add the installation prefix of "catkin" to CMAKE_PREFIX_PATH or set
[1.028s]   "catkin_DIR" to a directory containing one of the above files.  If "catkin"
[1.028s]   provides a separate development package or SDK, be sure it has been
[1.028s]   installed.
[1.028s] 
[1.028s] [0m
[1.049s] Invoked command in '/home/dliujm/ranger_ws/src/build/bunker_description' returned '1': /usr/bin/cmake /home/dliujm/ranger_ws/src/ugv_gazebo_sim/bunker/bunker_description -DCATKIN_INSTALL_INTO_PREFIX_ROOT=0 -DCMAKE_INSTALL_PREFIX=/home/dliujm/ranger_ws/src/install/bunker_description
