[0.000000] (-) TimerEvent: {}
[0.000126] (-) JobUnselected: {'identifier': 'autokit'}
[0.000149] (-) JobUnselected: {'identifier': 'bunker_description'}
[0.000164] (-) JobUnselected: {'identifier': 'bunker_gazebo_sim'}
[0.000178] (-) JobUnselected: {'identifier': 'four_wheel_steering_controller'}
[0.000191] (-) JobUnselected: {'identifier': 'four_wheel_steering_msgs'}
[0.000203] (-) JobUnselected: {'identifier': 'hunter2_base'}
[0.000216] (-) JobUnselected: {'identifier': 'hunter2_control'}
[0.000227] (-) JobUnselected: {'identifier': 'hunter2_gazebo'}
[0.000239] (-) JobUnselected: {'identifier': 'hunter_se_control'}
[0.000250] (-) JobUnselected: {'identifier': 'hunter_se_description'}
[0.000261] (-) JobUnselected: {'identifier': 'hunter_se_gazebo'}
[0.000272] (-) JobUnselected: {'identifier': 'limo_description'}
[0.000283] (-) JobUnselected: {'identifier': 'limo_gazebo_sim'}
[0.000294] (-) JobUnselected: {'identifier': 'limo_s2_arm'}
[0.000306] (-) JobUnselected: {'identifier': 'limo_s2_description'}
[0.000317] (-) JobUnselected: {'identifier': 'limo_s2_gazebo_sim'}
[0.000328] (-) JobUnselected: {'identifier': 'ranger_base'}
[0.000339] (-) JobUnselected: {'identifier': 'ranger_bringup'}
[0.000350] (-) JobUnselected: {'identifier': 'ranger_ctrl'}
[0.000362] (-) JobUnselected: {'identifier': 'ranger_mini_control'}
[0.000373] (-) JobUnselected: {'identifier': 'ranger_mini_v2'}
[0.000384] (-) JobUnselected: {'identifier': 'ranger_mini_v2_gazebo'}
[0.000395] (-) JobUnselected: {'identifier': 'ranger_mini_v3'}
[0.000407] (-) JobUnselected: {'identifier': 'ranger_mini_v3_gazebo'}
[0.000418] (-) JobUnselected: {'identifier': 'ranger_msgs'}
[0.000429] (-) JobUnselected: {'identifier': 'robot_sim_bringup'}
[0.000440] (-) JobUnselected: {'identifier': 'scout_control'}
[0.000451] (-) JobUnselected: {'identifier': 'scout_description'}
[0.000462] (-) JobUnselected: {'identifier': 'scout_gazebo_sim'}
[0.000474] (-) JobUnselected: {'identifier': 'steer_bot_hardware_gazebo'}
[0.000485] (-) JobUnselected: {'identifier': 'steer_drive_controller'}
[0.000496] (-) JobUnselected: {'identifier': 'tracer_description'}
[0.000507] (-) JobUnselected: {'identifier': 'tracer_gazebo_sim'}
[0.000518] (-) JobUnselected: {'identifier': 'tracer_mini'}
[0.000529] (-) JobUnselected: {'identifier': 'urdf_geometry_parser'}
[0.000754] (-) EventReactorShutdown: {}
