[0.038s] Invoking command in '/home/dliujm/ranger_ws/src/build/hunter2_gazebo': /usr/bin/cmake /home/dliujm/ranger_ws/src/ugv_gazebo_sim/hunter/hunter2_gazebo -DCATKIN_INSTALL_INTO_PREFIX_ROOT=0 -DCMAKE_INSTALL_PREFIX=/home/dliujm/ranger_ws/src/install/hunter2_gazebo
[0.979s] -- The C compiler identification is GNU 10.5.0
[0.979s] -- The CXX compiler identification is GNU 10.5.0
[0.979s] -- Detecting C compiler ABI info
[0.980s] -- Detecting C compiler ABI info - done
[0.981s] -- Check for working C compiler: /usr/bin/cc - skipped
[0.981s] -- Detecting C compile features
[0.981s] -- Detecting C compile features - done
[0.981s] -- Detecting CXX compiler ABI info
[0.981s] -- Detecting CXX compiler ABI info - done
[0.981s] -- Check for working CXX compiler: /usr/bin/c++ - skipped
[0.981s] -- Detecting CXX compile features
[0.981s] -- Detecting CXX compile features - done
[0.981s] -- Configuring incomplete, errors occurred!
[0.982s] See also "/home/dliujm/ranger_ws/src/build/hunter2_gazebo/CMakeFiles/CMakeOutput.log".
[0.982s] [31mCMake Error at CMakeLists.txt:10 (find_package):
[0.982s]   By not providing "Findcatkin.cmake" in CMAKE_MODULE_PATH this project has
[0.982s]   asked CMake to find a package configuration file provided by "catkin", but
[0.982s]   CMake did not find one.
[0.982s] 
[0.982s]   Could not find a package configuration file provided by "catkin" with any
[0.982s]   of the following names:
[0.982s] 
[0.982s]     catkinConfig.cmake
[0.983s]     catkin-config.cmake
[0.983s] 
[0.983s]   Add the installation prefix of "catkin" to CMAKE_PREFIX_PATH or set
[0.983s]   "catkin_DIR" to a directory containing one of the above files.  If "catkin"
[0.983s]   provides a separate development package or SDK, be sure it has been
[0.983s]   installed.
[0.983s] 
[0.983s] [0m
[0.993s] Invoked command in '/home/dliujm/ranger_ws/src/build/hunter2_gazebo' returned '1': /usr/bin/cmake /home/dliujm/ranger_ws/src/ugv_gazebo_sim/hunter/hunter2_gazebo -DCATKIN_INSTALL_INTO_PREFIX_ROOT=0 -DCMAKE_INSTALL_PREFIX=/home/dliujm/ranger_ws/src/install/hunter2_gazebo
